<?xml version="1.0" encoding="UTF-8"?>
<testsuite xmlns:xsi="http://www.w3.org/2001/XMLSchema-instance" xsi:schemaLocation="https://maven.apache.org/surefire/maven-surefire-plugin/xsd/surefire-test-report.xsd" name="TestSuite" time="0.376" tests="3" errors="0" skipped="0" failures="0">
  <properties>
[...]
</properties>
  <testcase name="f2" classname="samplepac.NewTest2" time="0.015"/>
  <testcase name="f" classname="samplepac.NewTest" time="0"/>
  <testcase name="f1" classname="samplepac.NewTest1" time="0"/>
</testsuite>